1592691384789	mozrunner::runner	INFO	Running command: "/Applications/Firefox.app/Contents/MacOS/firefox-bin" "-marionette" "-foreground" "-no-remote" "-profile" "/var/folders/_8/vkb_pyjx07n9m6750kxqsjj40000gn/T/rust_mozprofileb429Qp"
1592691388798	Marionette	INFO	Listening on port 57669
1592691388865	Marionette	WARN	TLS certificate errors will be ignored for this session
1592692006469	mozrunner::runner	INFO	Running command: "/Applications/Firefox.app/Contents/MacOS/firefox-bin" "-marionette" "-foreground" "-no-remote" "-profile" "/var/folders/_8/vkb_pyjx07n9m6750kxqsjj40000gn/T/rust_mozprofileJ30Jiv"
1592692008409	Marionette	INFO	Listening on port 57795
1592692008512	Marionette	WARN	TLS certificate errors will be ignored for this session
1592693376295	mozrunner::runner	INFO	Running command: "/Applications/Firefox.app/Contents/MacOS/firefox-bin" "-marionette" "-foreground" "-no-remote" "-profile" "/var/folders/_8/vkb_pyjx07n9m6750kxqsjj40000gn/T/rust_mozprofiletFgMlj"
1592693378462	Marionette	INFO	Listening on port 58266
1592693378619	Marionette	WARN	TLS certificate errors will be ignored for this session
1592696083257	mozrunner::runner	INFO	Running command: "/Applications/Firefox.app/Contents/MacOS/firefox-bin" "-marionette" "-foreground" "-no-remote" "-profile" "/var/folders/_8/vkb_pyjx07n9m6750kxqsjj40000gn/T/rust_mozprofileYA6Zsr"
1592696085415	Marionette	INFO	Listening on port 58398
1592696085541	Marionette	WARN	TLS certificate errors will be ignored for this session
1592696085709	Marionette	INFO	Stopped listening on port 58398
1592698711183	mozrunner::runner	INFO	Running command: "/Applications/Firefox.app/Contents/MacOS/firefox-bin" "-marionette" "-foreground" "-no-remote" "-profile" "/var/folders/_8/vkb_pyjx07n9m6750kxqsjj40000gn/T/rust_mozprofileQhb5tt"
1592698713149	Marionette	INFO	Listening on port 58545
1592698713227	Marionette	WARN	TLS certificate errors will be ignored for this session
1592698713452	Marionette	INFO	Stopped listening on port 58545
1592752865788	mozrunner::runner	INFO	Running command: "/Applications/Firefox.app/Contents/MacOS/firefox-bin" "-marionette" "-foreground" "-no-remote" "-profile" "/var/folders/_8/vkb_pyjx07n9m6750kxqsjj40000gn/T/rust_mozprofileqXxBMM"
1592752868308	Marionette	INFO	Listening on port 58828
1592752868389	Marionette	WARN	TLS certificate errors will be ignored for this session
1592752868586	Marionette	INFO	Stopped listening on port 58828
1592752875133	Marionette	INFO	Stopped listening on port 57669
1592752877227	Marionette	INFO	Stopped listening on port 57795
1592752879279	Marionette	INFO	Stopped listening on port 58266
1592753408833	mozrunner::runner	INFO	Running command: "/Applications/Firefox.app/Contents/MacOS/firefox-bin" "-marionette" "-foreground" "-no-remote" "-profile" "/var/folders/_8/vkb_pyjx07n9m6750kxqsjj40000gn/T/rust_mozprofilefUcyEH"
1592753410567	Marionette	INFO	Listening on port 58922
1592753410669	Marionette	WARN	TLS certificate errors will be ignored for this session
1592753410822	Marionette	INFO	Stopped listening on port 58922
1592753508299	mozrunner::runner	INFO	Running command: "/Applications/Firefox.app/Contents/MacOS/firefox-bin" "-marionette" "-foreground" "-no-remote" "-profile" "/var/folders/_8/vkb_pyjx07n9m6750kxqsjj40000gn/T/rust_mozprofileWveOPO"
1592753509999	Marionette	INFO	Listening on port 58981
1592753510059	Marionette	WARN	TLS certificate errors will be ignored for this session
1592753510283	Marionette	INFO	Stopped listening on port 58981
1592754927982	mozrunner::runner	INFO	Running command: "/Applications/Firefox.app/Contents/MacOS/firefox-bin" "-marionette" "-foreground" "-no-remote" "-profile" "/var/folders/_8/vkb_pyjx07n9m6750kxqsjj40000gn/T/rust_mozprofilejKxgtt"
1592754929762	Marionette	INFO	Listening on port 59066
1592754929848	Marionette	WARN	TLS certificate errors will be ignored for this session
1592754930056	Marionette	INFO	Stopped listening on port 59066
console.warn: services.settings: main/whats-new-panel sync interrupted by shutdown
1592754970754	mozrunner::runner	INFO	Running command: "/Applications/Firefox.app/Contents/MacOS/firefox-bin" "-marionette" "-foreground" "-no-remote" "-profile" "/var/folders/_8/vkb_pyjx07n9m6750kxqsjj40000gn/T/rust_mozprofileSxOozg"
1592754972491	Marionette	INFO	Listening on port 59123
1592754972498	Marionette	WARN	TLS certificate errors will be ignored for this session
1592754972754	Marionette	INFO	Stopped listening on port 59123
1592755000926	mozrunner::runner	INFO	Running command: "/Applications/Firefox.app/Contents/MacOS/firefox-bin" "-marionette" "-foreground" "-no-remote" "-profile" "/var/folders/_8/vkb_pyjx07n9m6750kxqsjj40000gn/T/rust_mozprofileEWHL0A"
1592755002662	Marionette	INFO	Listening on port 59183
1592755002675	Marionette	WARN	TLS certificate errors will be ignored for this session
JavaScript error: resource://gre/actors/AutoCompleteChild.jsm, line 196: Error: Invalid autocomplete selectedIndex
1592755004989	Marionette	INFO	Stopped listening on port 59183
1592755048374	mozrunner::runner	INFO	Running command: "/Applications/Firefox.app/Contents/MacOS/firefox-bin" "-marionette" "-foreground" "-no-remote" "-profile" "/var/folders/_8/vkb_pyjx07n9m6750kxqsjj40000gn/T/rust_mozprofileCrsvKZ"
1592755050124	Marionette	INFO	Listening on port 59236
1592755050136	Marionette	WARN	TLS certificate errors will be ignored for this session
JavaScript error: resource://gre/actors/AutoCompleteChild.jsm, line 196: Error: Invalid autocomplete selectedIndex
1592755051471	Marionette	INFO	Stopped listening on port 59236
1592755107539	mozrunner::runner	INFO	Running command: "/Applications/Firefox.app/Contents/MacOS/firefox-bin" "-marionette" "-foreground" "-no-remote" "-profile" "/var/folders/_8/vkb_pyjx07n9m6750kxqsjj40000gn/T/rust_mozprofile0oyNyo"
1592755109521	Marionette	INFO	Listening on port 59295
1592755109605	Marionette	WARN	TLS certificate errors will be ignored for this session
JavaScript error: resource://gre/actors/AutoCompleteChild.jsm, line 196: Error: Invalid autocomplete selectedIndex
1592755110884	Marionette	INFO	Stopped listening on port 59295
